<?xml version="1.0" encoding="UTF-8"?>
<coverage generated="1756021635">
  <project timestamp="1756021635" name="Clover Coverage">
    <package name="App\DTOs\Auth">
      <file name="/var/www/html/turkticaret-api/app/DTOs/Auth/RegisterDTO.php">
        <class name="App\DTOs\Auth\RegisterDTO" namespace="App\DTOs\Auth">
          <metrics complexity="3" methods="3" coveredmethods="0" conditionals="0" coveredconditionals="0" statements="13" coveredstatements="0" elements="16" coveredelements="0"/>
        </class>
        <line num="7" type="method" name="__construct" visibility="public" complexity="1" crap="2" count="0"/>
        <line num="12" type="stmt" count="0"/>
        <line num="14" type="method" name="fromArray" visibility="public" complexity="1" crap="2" count="0"/>
        <line num="16" type="stmt" count="0"/>
        <line num="17" type="stmt" count="0"/>
        <line num="18" type="stmt" count="0"/>
        <line num="19" type="stmt" count="0"/>
        <line num="20" type="stmt" count="0"/>
        <line num="21" type="stmt" count="0"/>
        <line num="24" type="method" name="toArray" visibility="public" complexity="1" crap="2" count="0"/>
        <line num="26" type="stmt" count="0"/>
        <line num="27" type="stmt" count="0"/>
        <line num="28" type="stmt" count="0"/>
        <line num="29" type="stmt" count="0"/>
        <line num="30" type="stmt" count="0"/>
        <line num="31" type="stmt" count="0"/>
        <metrics loc="33" ncloc="33" classes="1" methods="3" coveredmethods="0" conditionals="0" coveredconditionals="0" statements="13" coveredstatements="0" elements="16" coveredelements="0"/>
      </file>
    </package>
    <package name="App\DTOs\Order">
      <file name="/var/www/html/turkticaret-api/app/DTOs/Order/OrderCreateDTO.php">
        <class name="App\DTOs\Order\OrderCreateDTO" namespace="App\DTOs\Order">
          <metrics complexity="3" methods="3" coveredmethods="2" conditionals="0" coveredconditionals="0" statements="9" coveredstatements="5" elements="12" coveredelements="7"/>
        </class>
        <line num="7" type="method" name="__construct" visibility="public" complexity="1" crap="1" count="10"/>
        <line num="10" type="stmt" count="10"/>
        <line num="12" type="method" name="fromArray" visibility="public" complexity="1" crap="1" count="10"/>
        <line num="14" type="stmt" count="10"/>
        <line num="15" type="stmt" count="10"/>
        <line num="16" type="stmt" count="10"/>
        <line num="17" type="stmt" count="10"/>
        <line num="20" type="method" name="toArray" visibility="public" complexity="1" crap="2" count="0"/>
        <line num="22" type="stmt" count="0"/>
        <line num="23" type="stmt" count="0"/>
        <line num="24" type="stmt" count="0"/>
        <line num="25" type="stmt" count="0"/>
        <metrics loc="27" ncloc="27" classes="1" methods="3" coveredmethods="2" conditionals="0" coveredconditionals="0" statements="9" coveredstatements="5" elements="12" coveredelements="7"/>
      </file>
    </package>
    <package name="App\DTOs\Profile">
      <file name="/var/www/html/turkticaret-api/app/DTOs/Profile/ProfileUpdateDTO.php">
        <class name="App\DTOs\Profile\ProfileUpdateDTO" namespace="App\DTOs\Profile">
          <metrics complexity="6" methods="4" coveredmethods="3" conditionals="0" coveredconditionals="0" statements="12" coveredstatements="11" elements="16" coveredelements="14"/>
        </class>
        <line num="7" type="method" name="__construct" visibility="public" complexity="1" crap="1" count="2"/>
        <line num="11" type="stmt" count="2"/>
        <line num="13" type="method" name="fromArray" visibility="public" complexity="1" crap="1" count="2"/>
        <line num="15" type="stmt" count="2"/>
        <line num="16" type="stmt" count="2"/>
        <line num="17" type="stmt" count="2"/>
        <line num="18" type="stmt" count="2"/>
        <line num="19" type="stmt" count="2"/>
        <line num="22" type="method" name="toArray" visibility="public" complexity="1" crap="1" count="2"/>
        <line num="24" type="stmt" count="2"/>
        <line num="25" type="stmt" count="2"/>
        <line num="26" type="stmt" count="2"/>
        <line num="27" type="stmt" count="2"/>
        <line num="28" type="stmt" count="2"/>
        <line num="31" type="method" name="hasChanges" visibility="public" complexity="3" crap="12" count="0"/>
        <line num="33" type="stmt" count="0"/>
        <metrics loc="36" ncloc="36" classes="1" methods="4" coveredmethods="3" conditionals="0" coveredconditionals="0" statements="12" coveredstatements="11" elements="16" coveredelements="14"/>
      </file>
    </package>
    <package name="App\DTOs\Setting">
      <file name="/var/www/html/turkticaret-api/app/DTOs/Setting/SettingUpdateDTO.php">
        <class name="App\DTOs\Setting\SettingUpdateDTO" namespace="App\DTOs\Setting">
          <metrics complexity="3" methods="3" coveredmethods="2" conditionals="0" coveredconditionals="0" statements="9" coveredstatements="5" elements="12" coveredelements="7"/>
        </class>
        <line num="7" type="method" name="__construct" visibility="public" complexity="1" crap="1" count="1"/>
        <line num="10" type="stmt" count="1"/>
        <line num="12" type="method" name="fromArray" visibility="public" complexity="1" crap="2" count="0"/>
        <line num="14" type="stmt" count="0"/>
        <line num="15" type="stmt" count="0"/>
        <line num="16" type="stmt" count="0"/>
        <line num="17" type="stmt" count="0"/>
        <line num="20" type="method" name="fromRequest" visibility="public" complexity="1" crap="1" count="1"/>
        <line num="22" type="stmt" count="1"/>
        <line num="23" type="stmt" count="1"/>
        <line num="24" type="stmt" count="1"/>
        <line num="25" type="stmt" count="1"/>
        <metrics loc="27" ncloc="27" classes="1" methods="3" coveredmethods="2" conditionals="0" coveredconditionals="0" statements="9" coveredstatements="5" elements="12" coveredelements="7"/>
      </file>
    </package>
    <package name="App\DTOs\User">
      <file name="/var/www/html/turkticaret-api/app/DTOs/User/NotificationPreferencesDTO.php">
        <class name="App\DTOs\User\NotificationPreferencesDTO" namespace="App\DTOs\User">
          <metrics complexity="3" methods="3" coveredmethods="0" conditionals="0" coveredconditionals="0" statements="17" coveredstatements="0" elements="20" coveredelements="0"/>
        </class>
        <line num="7" type="method" name="__construct" visibility="public" complexity="1" crap="2" count="0"/>
        <line num="14" type="stmt" count="0"/>
        <line num="16" type="method" name="fromArray" visibility="public" complexity="1" crap="2" count="0"/>
        <line num="18" type="stmt" count="0"/>
        <line num="19" type="stmt" count="0"/>
        <line num="20" type="stmt" count="0"/>
        <line num="21" type="stmt" count="0"/>
        <line num="22" type="stmt" count="0"/>
        <line num="23" type="stmt" count="0"/>
        <line num="24" type="stmt" count="0"/>
        <line num="25" type="stmt" count="0"/>
        <line num="28" type="method" name="toArray" visibility="public" complexity="1" crap="2" count="0"/>
        <line num="30" type="stmt" count="0"/>
        <line num="31" type="stmt" count="0"/>
        <line num="32" type="stmt" count="0"/>
        <line num="33" type="stmt" count="0"/>
        <line num="34" type="stmt" count="0"/>
        <line num="35" type="stmt" count="0"/>
        <line num="36" type="stmt" count="0"/>
        <line num="37" type="stmt" count="0"/>
        <metrics loc="39" ncloc="39" classes="1" methods="3" coveredmethods="0" conditionals="0" coveredconditionals="0" statements="17" coveredstatements="0" elements="20" coveredelements="0"/>
      </file>
      <file name="/var/www/html/turkticaret-api/app/DTOs/User/PasswordChangeDTO.php">
        <class name="App\DTOs\User\PasswordChangeDTO" namespace="App\DTOs\User">
          <metrics complexity="2" methods="2" coveredmethods="2" conditionals="0" coveredconditionals="0" statements="5" coveredstatements="5" elements="7" coveredelements="7"/>
        </class>
        <line num="7" type="method" name="__construct" visibility="public" complexity="1" crap="1" count="2"/>
        <line num="10" type="stmt" count="2"/>
        <line num="12" type="method" name="fromArray" visibility="public" complexity="1" crap="1" count="2"/>
        <line num="14" type="stmt" count="2"/>
        <line num="15" type="stmt" count="2"/>
        <line num="16" type="stmt" count="2"/>
        <line num="17" type="stmt" count="2"/>
        <metrics loc="19" ncloc="19" classes="1" methods="2" coveredmethods="2" conditionals="0" coveredconditionals="0" statements="5" coveredstatements="5" elements="7" coveredelements="7"/>
      </file>
      <file name="/var/www/html/turkticaret-api/app/DTOs/User/UserPreferencesDTO.php">
        <class name="App\DTOs\User\UserPreferencesDTO" namespace="App\DTOs\User">
          <metrics complexity="3" methods="3" coveredmethods="0" conditionals="0" coveredconditionals="0" statements="9" coveredstatements="0" elements="12" coveredelements="0"/>
        </class>
        <line num="7" type="method" name="__construct" visibility="public" complexity="1" crap="2" count="0"/>
        <line num="10" type="stmt" count="0"/>
        <line num="12" type="method" name="fromArray" visibility="public" complexity="1" crap="2" count="0"/>
        <line num="14" type="stmt" count="0"/>
        <line num="15" type="stmt" count="0"/>
        <line num="16" type="stmt" count="0"/>
        <line num="17" type="stmt" count="0"/>
        <line num="20" type="method" name="toArray" visibility="public" complexity="1" crap="2" count="0"/>
        <line num="22" type="stmt" count="0"/>
        <line num="23" type="stmt" count="0"/>
        <line num="24" type="stmt" count="0"/>
        <line num="25" type="stmt" count="0"/>
        <metrics loc="27" ncloc="27" classes="1" methods="3" coveredmethods="0" conditionals="0" coveredconditionals="0" statements="9" coveredstatements="0" elements="12" coveredelements="0"/>
      </file>
    </package>
    <package name="App\Enums">
      <file name="/var/www/html/turkticaret-api/app/Enums/ApiEnums.php">
        <class name="App\Enums\ApiEnums" namespace="App\Enums">
          <metrics complexity="0" methods="0" coveredmethods="0" conditionals="0" coveredconditionals="0" statements="0" coveredstatements="0" elements="0" coveredelements="0"/>
        </class>
        <metrics loc="9" ncloc="9" classes="0" methods="0" coveredmethods="0" conditionals="0" coveredconditionals="0" statements="0" coveredstatements="0" elements="0" coveredelements="0"/>
      </file>
    </package>
    <package name="App\Enums\Authority">
      <file name="/var/www/html/turkticaret-api/app/Enums/Authority/PermissionEnum.php">
        <class name="App\Enums\Authority\PermissionEnum" namespace="App\Enums\Authority">
          <metrics complexity="23" methods="4" coveredmethods="0" conditionals="0" coveredconditionals="0" statements="51" coveredstatements="0" elements="55" coveredelements="0"/>
        </class>
        <line num="36" type="method" name="description" visibility="public" complexity="20" crap="420" count="0"/>
        <line num="38" type="stmt" count="0"/>
        <line num="39" type="stmt" count="0"/>
        <line num="40" type="stmt" count="0"/>
        <line num="41" type="stmt" count="0"/>
        <line num="42" type="stmt" count="0"/>
        <line num="44" type="stmt" count="0"/>
        <line num="45" type="stmt" count="0"/>
        <line num="46" type="stmt" count="0"/>
        <line num="47" type="stmt" count="0"/>
        <line num="49" type="stmt" count="0"/>
        <line num="50" type="stmt" count="0"/>
        <line num="51" type="stmt" count="0"/>
        <line num="52" type="stmt" count="0"/>
        <line num="54" type="stmt" count="0"/>
        <line num="55" type="stmt" count="0"/>
        <line num="56" type="stmt" count="0"/>
        <line num="57" type="stmt" count="0"/>
        <line num="58" type="stmt" count="0"/>
        <line num="60" type="stmt" count="0"/>
        <line num="61" type="stmt" count="0"/>
        <line num="62" type="stmt" count="0"/>
        <line num="65" type="method" name="values" visibility="public" complexity="1" crap="2" count="0"/>
        <line num="67" type="stmt" count="0"/>
        <line num="70" type="method" name="getAdminPermissions" visibility="public" complexity="1" crap="2" count="0"/>
        <line num="72" type="stmt" count="0"/>
        <line num="73" type="stmt" count="0"/>
        <line num="74" type="stmt" count="0"/>
        <line num="75" type="stmt" count="0"/>
        <line num="76" type="stmt" count="0"/>
        <line num="77" type="stmt" count="0"/>
        <line num="78" type="stmt" count="0"/>
        <line num="79" type="stmt" count="0"/>
        <line num="80" type="stmt" count="0"/>
        <line num="81" type="stmt" count="0"/>
        <line num="82" type="stmt" count="0"/>
        <line num="83" type="stmt" count="0"/>
        <line num="84" type="stmt" count="0"/>
        <line num="85" type="stmt" count="0"/>
        <line num="86" type="stmt" count="0"/>
        <line num="87" type="stmt" count="0"/>
        <line num="88" type="stmt" count="0"/>
        <line num="89" type="stmt" count="0"/>
        <line num="90" type="stmt" count="0"/>
        <line num="91" type="stmt" count="0"/>
        <line num="92" type="stmt" count="0"/>
        <line num="95" type="method" name="getRegularPermissions" visibility="public" complexity="1" crap="2" count="0"/>
        <line num="97" type="stmt" count="0"/>
        <line num="98" type="stmt" count="0"/>
        <line num="99" type="stmt" count="0"/>
        <line num="100" type="stmt" count="0"/>
        <line num="101" type="stmt" count="0"/>
        <line num="102" type="stmt" count="0"/>
        <line num="103" type="stmt" count="0"/>
        <line num="104" type="stmt" count="0"/>
        <metrics loc="107" ncloc="102" classes="1" methods="4" coveredmethods="0" conditionals="0" coveredconditionals="0" statements="51" coveredstatements="0" elements="55" coveredelements="0"/>
      </file>
    </package>
    <package name="App\Enums\Country">
      <file name="/var/www/html/turkticaret-api/app/Enums/Country/CountryEnum.php">
        <class name="App\Enums\Country\CountryEnum" namespace="App\Enums\Country">
          <metrics complexity="11" methods="5" coveredmethods="0" conditionals="0" coveredconditionals="0" statements="14" coveredstatements="0" elements="19" coveredelements="0"/>
        </class>
        <line num="10" type="method" name="getDisplayName" visibility="public" complexity="3" crap="12" count="0"/>
        <line num="12" type="stmt" count="0"/>
        <line num="13" type="stmt" count="0"/>
        <line num="14" type="stmt" count="0"/>
        <line num="15" type="stmt" count="0"/>
        <line num="18" type="method" name="getCurrencyCode" visibility="public" complexity="3" crap="12" count="0"/>
        <line num="20" type="stmt" count="0"/>
        <line num="21" type="stmt" count="0"/>
        <line num="22" type="stmt" count="0"/>
        <line num="23" type="stmt" count="0"/>
        <line num="26" type="method" name="getLocale" visibility="public" complexity="3" crap="12" count="0"/>
        <line num="28" type="stmt" count="0"/>
        <line num="29" type="stmt" count="0"/>
        <line num="30" type="stmt" count="0"/>
        <line num="31" type="stmt" count="0"/>
        <line num="34" type="method" name="values" visibility="public" complexity="1" crap="2" count="0"/>
        <line num="36" type="stmt" count="0"/>
        <line num="39" type="method" name="names" visibility="public" complexity="1" crap="2" count="0"/>
        <line num="41" type="stmt" count="0"/>
        <metrics loc="44" ncloc="44" classes="1" methods="5" coveredmethods="0" conditionals="0" coveredconditionals="0" statements="14" coveredstatements="0" elements="19" coveredelements="0"/>
      </file>
    </package>
    <package name="App\Enums\Currency">
      <file name="/var/www/html/turkticaret-api/app/Enums/Currency/CurrencyEnum.php">
        <class name="App\Enums\Currency\CurrencyEnum" namespace="App\Enums\Currency">
          <metrics complexity="10" methods="6" coveredmethods="0" conditionals="0" coveredconditionals="0" statements="12" coveredstatements="0" elements="18" coveredelements="0"/>
        </class>
        <line num="10" type="method" name="getDisplayName" visibility="public" complexity="3" crap="12" count="0"/>
        <line num="12" type="stmt" count="0"/>
        <line num="13" type="stmt" count="0"/>
        <line num="14" type="stmt" count="0"/>
        <line num="15" type="stmt" count="0"/>
        <line num="18" type="method" name="getSymbol" visibility="public" complexity="3" crap="12" count="0"/>
        <line num="20" type="stmt" count="0"/>
        <line num="21" type="stmt" count="0"/>
        <line num="22" type="stmt" count="0"/>
        <line num="23" type="stmt" count="0"/>
        <line num="26" type="method" name="getDecimals" visibility="public" complexity="1" crap="2" count="0"/>
        <line num="28" type="stmt" count="0"/>
        <line num="31" type="method" name="isActive" visibility="public" complexity="1" crap="2" count="0"/>
        <line num="33" type="stmt" count="0"/>
        <line num="36" type="method" name="values" visibility="public" complexity="1" crap="2" count="0"/>
        <line num="38" type="stmt" count="0"/>
        <line num="41" type="method" name="names" visibility="public" complexity="1" crap="2" count="0"/>
        <line num="43" type="stmt" count="0"/>
        <metrics loc="46" ncloc="46" classes="1" methods="6" coveredmethods="0" conditionals="0" coveredconditionals="0" statements="12" coveredstatements="0" elements="18" coveredelements="0"/>
      </file>
    </package>
    <package name="App\Enums\Language">
      <file name="/var/www/html/turkticaret-api/app/Enums/Language/LanguageEnum.php">
        <class name="App\Enums\Language\LanguageEnum" namespace="App\Enums\Language">
          <metrics complexity="13" methods="7" coveredmethods="0" conditionals="0" coveredconditionals="0" statements="16" coveredstatements="0" elements="23" coveredelements="0"/>
        </class>
        <line num="10" type="method" name="getDisplayName" visibility="public" complexity="3" crap="12" count="0"/>
        <line num="12" type="stmt" count="0"/>
        <line num="13" type="stmt" count="0"/>
        <line num="14" type="stmt" count="0"/>
        <line num="15" type="stmt" count="0"/>
        <line num="18" type="method" name="getNativeName" visibility="public" complexity="3" crap="12" count="0"/>
        <line num="20" type="stmt" count="0"/>
        <line num="21" type="stmt" count="0"/>
        <line num="22" type="stmt" count="0"/>
        <line num="23" type="stmt" count="0"/>
        <line num="26" type="method" name="getLocale" visibility="public" complexity="3" crap="12" count="0"/>
        <line num="28" type="stmt" count="0"/>
        <line num="29" type="stmt" count="0"/>
        <line num="30" type="stmt" count="0"/>
        <line num="31" type="stmt" count="0"/>
        <line num="34" type="method" name="getDirection" visibility="public" complexity="1" crap="2" count="0"/>
        <line num="36" type="stmt" count="0"/>
        <line num="39" type="method" name="isActive" visibility="public" complexity="1" crap="2" count="0"/>
        <line num="41" type="stmt" count="0"/>
        <line num="44" type="method" name="values" visibility="public" complexity="1" crap="2" count="0"/>
        <line num="46" type="stmt" count="0"/>
        <line num="49" type="method" name="names" visibility="public" complexity="1" crap="2" count="0"/>
        <line num="51" type="stmt" count="0"/>
        <metrics loc="54" ncloc="54" classes="1" methods="7" coveredmethods="0" conditionals="0" coveredconditionals="0" statements="16" coveredstatements="0" elements="23" coveredelements="0"/>
      </file>
    </package>
    <package name="App\Enums\Order">
      <file name="/var/www/html/turkticaret-api/app/Enums/Order/OrderStatusEnum.php">
        <class name="App\Enums\Order\OrderStatusEnum" namespace="App\Enums\Order">
          <metrics complexity="15" methods="3" coveredmethods="0" conditionals="0" coveredconditionals="0" statements="17" coveredstatements="4" elements="20" coveredelements="4"/>
        </class>
        <line num="14" type="method" name="getAvailableStatuses" visibility="public" complexity="1" crap="2" count="0"/>
        <line num="16" type="stmt" count="0"/>
        <line num="19" type="method" name="getLabel" visibility="public" complexity="7" crap="56" count="0"/>
        <line num="21" type="stmt" count="0"/>
        <line num="22" type="stmt" count="0"/>
        <line num="23" type="stmt" count="0"/>
        <line num="24" type="stmt" count="0"/>
        <line num="25" type="stmt" count="0"/>
        <line num="26" type="stmt" count="0"/>
        <line num="27" type="stmt" count="0"/>
        <line num="28" type="stmt" count="0"/>
        <line num="31" type="method" name="canTransitionTo" visibility="public" complexity="7" crap="13.12" count="1"/>
        <line num="33" type="stmt" count="1"/>
        <line num="34" type="stmt" count="1"/>
        <line num="35" type="stmt" count="0"/>
        <line num="36" type="stmt" count="0"/>
        <line num="37" type="stmt" count="0"/>
        <line num="38" type="stmt" count="0"/>
        <line num="39" type="stmt" count="1"/>
        <line num="40" type="stmt" count="1"/>
        <metrics loc="42" ncloc="42" classes="1" methods="3" coveredmethods="0" conditionals="0" coveredconditionals="0" statements="17" coveredstatements="4" elements="20" coveredelements="4"/>
      </file>
    </package>
    <package name="App\Enums\Setting">
      <file name="/var/www/html/turkticaret-api/app/Enums/Setting/SettingKeyEnum.php">
        <class name="App\Enums\Setting\SettingKeyEnum" namespace="App\Enums\Setting">
          <metrics complexity="60" methods="6" coveredmethods="0" conditionals="0" coveredconditionals="0" statements="69" coveredstatements="0" elements="75" coveredelements="0"/>
        </class>
        <line num="30" type="method" name="getAvailableKeys" visibility="public" complexity="1" crap="2" count="0"/>
        <line num="32" type="stmt" count="0"/>
        <line num="35" type="method" name="getLabel" visibility="public" complexity="16" crap="272" count="0"/>
        <line num="37" type="stmt" count="0"/>
        <line num="38" type="stmt" count="0"/>
        <line num="39" type="stmt" count="0"/>
        <line num="40" type="stmt" count="0"/>
        <line num="41" type="stmt" count="0"/>
        <line num="42" type="stmt" count="0"/>
        <line num="43" type="stmt" count="0"/>
        <line num="44" type="stmt" count="0"/>
        <line num="45" type="stmt" count="0"/>
        <line num="46" type="stmt" count="0"/>
        <line num="47" type="stmt" count="0"/>
        <line num="48" type="stmt" count="0"/>
        <line num="49" type="stmt" count="0"/>
        <line num="50" type="stmt" count="0"/>
        <line num="51" type="stmt" count="0"/>
        <line num="52" type="stmt" count="0"/>
        <line num="53" type="stmt" count="0"/>
        <line num="56" type="method" name="getGroup" visibility="public" complexity="6" crap="42" count="0"/>
        <line num="58" type="stmt" count="0"/>
        <line num="59" type="stmt" count="0"/>
        <line num="60" type="stmt" count="0"/>
        <line num="61" type="stmt" count="0"/>
        <line num="62" type="stmt" count="0"/>
        <line num="63" type="stmt" count="0"/>
        <line num="64" type="stmt" count="0"/>
        <line num="67" type="method" name="getType" visibility="public" complexity="5" crap="30" count="0"/>
        <line num="69" type="stmt" count="0"/>
        <line num="70" type="stmt" count="0"/>
        <line num="71" type="stmt" count="0"/>
        <line num="72" type="stmt" count="0"/>
        <line num="73" type="stmt" count="0"/>
        <line num="74" type="stmt" count="0"/>
        <line num="75" type="stmt" count="0"/>
        <line num="76" type="stmt" count="0"/>
        <line num="77" type="stmt" count="0"/>
        <line num="80" type="method" name="getDefaultValue" visibility="public" complexity="16" crap="272" count="0"/>
        <line num="82" type="stmt" count="0"/>
        <line num="83" type="stmt" count="0"/>
        <line num="84" type="stmt" count="0"/>
        <line num="85" type="stmt" count="0"/>
        <line num="86" type="stmt" count="0"/>
        <line num="87" type="stmt" count="0"/>
        <line num="88" type="stmt" count="0"/>
        <line num="89" type="stmt" count="0"/>
        <line num="90" type="stmt" count="0"/>
        <line num="91" type="stmt" count="0"/>
        <line num="92" type="stmt" count="0"/>
        <line num="93" type="stmt" count="0"/>
        <line num="94" type="stmt" count="0"/>
        <line num="95" type="stmt" count="0"/>
        <line num="96" type="stmt" count="0"/>
        <line num="97" type="stmt" count="0"/>
        <line num="98" type="stmt" count="0"/>
        <line num="100" type="stmt" count="0"/>
        <line num="103" type="method" name="getDescription" visibility="public" complexity="16" crap="272" count="0"/>
        <line num="105" type="stmt" count="0"/>
        <line num="106" type="stmt" count="0"/>
        <line num="107" type="stmt" count="0"/>
        <line num="108" type="stmt" count="0"/>
        <line num="109" type="stmt" count="0"/>
        <line num="110" type="stmt" count="0"/>
        <line num="111" type="stmt" count="0"/>
        <line num="112" type="stmt" count="0"/>
        <line num="113" type="stmt" count="0"/>
        <line num="114" type="stmt" count="0"/>
        <line num="115" type="stmt" count="0"/>
        <line num="116" type="stmt" count="0"/>
        <line num="117" type="stmt" count="0"/>
        <line num="118" type="stmt" count="0"/>
        <line num="119" type="stmt" count="0"/>
        <line num="120" type="stmt" count="0"/>
        <line num="121" type="stmt" count="0"/>
        <metrics loc="124" ncloc="120" classes="1" methods="6" coveredmethods="0" conditionals="0" coveredconditionals="0" statements="69" coveredstatements="0" elements="75" coveredelements="0"/>
      </file>
    </package>
    <package name="App\Enums\User">
      <file name="/var/www/html/turkticaret-api/app/Enums/User/UserTypeEnum.php">
        <class name="App\Enums\User\UserTypeEnum" namespace="App\Enums\User">
          <metrics complexity="11" methods="7" coveredmethods="1" conditionals="0" coveredconditionals="0" statements="13" coveredstatements="4" elements="20" coveredelements="5"/>
        </class>
        <line num="10" type="method" name="getAvailableTypes" visibility="public" complexity="1" crap="2" count="0"/>
        <line num="12" type="stmt" count="0"/>
        <line num="15" type="method" name="getLabel" visibility="public" complexity="3" crap="12" count="0"/>
        <line num="17" type="stmt" count="0"/>
        <line num="18" type="stmt" count="0"/>
        <line num="19" type="stmt" count="0"/>
        <line num="20" type="stmt" count="0"/>
        <line num="23" type="method" name="getEmail" visibility="public" complexity="3" crap="3" count="14"/>
        <line num="25" type="stmt" count="14"/>
        <line num="26" type="stmt" count="14"/>
        <line num="27" type="stmt" count="14"/>
        <line num="28" type="stmt" count="14"/>
        <line num="31" type="method" name="hasAdminAccess" visibility="public" complexity="1" crap="2" count="0"/>
        <line num="33" type="stmt" count="0"/>
        <line num="36" type="method" name="canManageOrders" visibility="public" complexity="1" crap="2" count="0"/>
        <line num="38" type="stmt" count="0"/>
        <line num="41" type="method" name="canManageProducts" visibility="public" complexity="1" crap="2" count="0"/>
        <line num="43" type="stmt" count="0"/>
        <line num="46" type="method" name="canManageUsers" visibility="public" complexity="1" crap="2" count="0"/>
        <line num="48" type="stmt" count="0"/>
        <metrics loc="50" ncloc="50" classes="1" methods="7" coveredmethods="1" conditionals="0" coveredconditionals="0" statements="13" coveredstatements="4" elements="20" coveredelements="5"/>
      </file>
    </package>
    <package name="App\Exceptions">
      <file name="/var/www/html/turkticaret-api/app/Exceptions/ApiExceptionHandler.php">
        <class name="App\Exceptions\ApiExceptionHandler" namespace="App\Exceptions">
          <metrics complexity="11" methods="1" coveredmethods="0" conditionals="0" coveredconditionals="0" statements="37" coveredstatements="36" elements="38" coveredelements="36"/>
        </class>
        <line num="21" type="method" name="handle" visibility="public" complexity="11" crap="11" count="132"/>
        <line num="23" type="stmt" count="132"/>
        <line num="25" type="stmt" count="132"/>
        <line num="26" type="stmt" count="132"/>
        <line num="27" type="stmt" count="132"/>
        <line num="28" type="stmt" count="132"/>
        <line num="29" type="stmt" count="132"/>
        <line num="30" type="stmt" count="98"/>
        <line num="31" type="stmt" count="98"/>
        <line num="32" type="stmt" count="98"/>
        <line num="33" type="stmt" count="98"/>
        <line num="34" type="stmt" count="98"/>
        <line num="35" type="stmt" count="87"/>
        <line num="36" type="stmt" count="87"/>
        <line num="37" type="stmt" count="87"/>
        <line num="38" type="stmt" count="87"/>
        <line num="39" type="stmt" count="87"/>
        <line num="40" type="stmt" count="87"/>
        <line num="41" type="stmt" count="87"/>
        <line num="42" type="stmt" count="87"/>
        <line num="43" type="stmt" count="87"/>
        <line num="44" type="stmt" count="87"/>
        <line num="45" type="stmt" count="83"/>
        <line num="46" type="stmt" count="83"/>
        <line num="47" type="stmt" count="83"/>
        <line num="48" type="stmt" count="83"/>
        <line num="49" type="stmt" count="83"/>
        <line num="50" type="stmt" count="81"/>
        <line num="51" type="stmt" count="81"/>
        <line num="52" type="stmt" count="81"/>
        <line num="53" type="stmt" count="81"/>
        <line num="54" type="stmt" count="81"/>
        <line num="55" type="stmt" count="132"/>
        <line num="56" type="stmt" count="132"/>
        <line num="57" type="stmt" count="132"/>
        <line num="58" type="stmt" count="132"/>
        <line num="59" type="stmt" count="132"/>
        <line num="63" type="stmt" count="0"/>
        <metrics loc="66" ncloc="63" classes="1" methods="1" coveredmethods="0" conditionals="0" coveredconditionals="0" statements="37" coveredstatements="36" elements="38" coveredelements="36"/>
      </file>
    </package>
    <package name="App\Exceptions\Order">
      <file name="/var/www/html/turkticaret-api/app/Exceptions/Order/EmptyCartException.php">
        <class name="App\Exceptions\Order\EmptyCartException" namespace="App\Exceptions\Order">
          <metrics complexity="1" methods="1" coveredmethods="0" conditionals="0" coveredconditionals="0" statements="1" coveredstatements="0" elements="2" coveredelements="0"/>
        </class>
        <line num="12" type="method" name="__construct" visibility="public" complexity="1" crap="2" count="0"/>
        <line num="14" type="stmt" count="0"/>
        <metrics loc="16" ncloc="16" classes="1" methods="1" coveredmethods="0" conditionals="0" coveredconditionals="0" statements="1" coveredstatements="0" elements="2" coveredelements="0"/>
      </file>
    </package>
    <package name="App\Exceptions\Product">
      <file name="/var/www/html/turkticaret-api/app/Exceptions/Product/InsufficientStockException.php">
        <class name="App\Exceptions\Product\InsufficientStockException" namespace="App\Exceptions\Product">
          <metrics complexity="4" methods="1" coveredmethods="0" conditionals="0" coveredconditionals="0" statements="4" coveredstatements="3" elements="5" coveredelements="3"/>
        </class>
        <line num="12" type="method" name="__construct" visibility="public" complexity="4" crap="4.25" count="7"/>
        <line num="14" type="stmt" count="7"/>
        <line num="15" type="stmt" count="7"/>
        <line num="17" type="stmt" count="0"/>
        <line num="20" type="stmt" count="7"/>
        <metrics loc="22" ncloc="22" classes="1" methods="1" coveredmethods="0" conditionals="0" coveredconditionals="0" statements="4" coveredstatements="3" elements="5" coveredelements="3"/>
      </file>
      <file name="/var/www/html/turkticaret-api/app/Exceptions/Product/OutOfStockException.php">
        <class name="App\Exceptions\Product\OutOfStockException" namespace="App\Exceptions\Product">
          <metrics complexity="2" methods="1" coveredmethods="0" conditionals="0" coveredconditionals="0" statements="4" coveredstatements="3" elements="5" coveredelements="3"/>
        </class>
        <line num="12" type="method" name="__construct" visibility="public" complexity="2" crap="2.06" count="2"/>
        <line num="14" type="stmt" count="2"/>
        <line num="15" type="stmt" count="2"/>
        <line num="16" type="stmt" count="0"/>
        <line num="18" type="stmt" count="2"/>
        <metrics loc="20" ncloc="20" classes="1" methods="1" coveredmethods="0" conditionals="0" coveredconditionals="0" statements="4" coveredstatements="3" elements="5" coveredelements="3"/>
      </file>
    </package>
    <package name="App\Filters\Base">
      <file name="/var/www/html/turkticaret-api/app/Filters/Base/AbstractFilter.php">
        <class name="App\Filters\Base\AbstractFilter" namespace="App\Filters\Base">
          <metrics complexity="1" methods="1" coveredmethods="1" conditionals="0" coveredconditionals="0" statements="1" coveredstatements="1" elements="2" coveredelements="2"/>
        </class>
        <line num="12" type="method" name="__construct" visibility="public" complexity="1" crap="1" count="4"/>
        <line num="14" type="stmt" count="4"/>
        <metrics loc="18" ncloc="18" classes="1" methods="1" coveredmethods="1" conditionals="0" coveredconditionals="0" statements="1" coveredstatements="1" elements="2" coveredelements="2"/>
      </file>
      <file name="/var/www/html/turkticaret-api/app/Filters/Base/FilterAction.php">
        <class name="App\Filters\Base\FilterAction" namespace="App\Filters\Base">
          <metrics complexity="1" methods="1" coveredmethods="1" conditionals="0" coveredconditionals="0" statements="6" coveredstatements="6" elements="7" coveredelements="7"/>
        </class>
        <line num="11" type="method" name="apply" visibility="public" complexity="1" crap="1" count="4"/>
        <line num="13" type="stmt" count="4"/>
        <line num="14" type="stmt" count="4"/>
        <line num="15" type="stmt" count="4"/>
        <line num="16" type="stmt" count="4"/>
        <line num="17" type="stmt" count="4"/>
        <line num="18" type="stmt" count="4"/>
        <metrics loc="20" ncloc="20" classes="1" methods="1" coveredmethods="1" conditionals="0" coveredconditionals="0" statements="6" coveredstatements="6" elements="7" coveredelements="7"/>
      </file>
      <file name="/var/www/html/turkticaret-api/app/Filters/Base/FilterEnums.php">
        <class name="App\Filters\Base\FilterEnums" namespace="App\Filters\Base">
          <metrics complexity="0" methods="0" coveredmethods="0" conditionals="0" coveredconditionals="0" statements="0" coveredstatements="0" elements="0" coveredelements="0"/>
        </class>
        <metrics loc="26" ncloc="26" classes="0" methods="0" coveredmethods="0" conditionals="0" coveredconditionals="0" statements="0" coveredstatements="0" elements="0" coveredelements="0"/>
      </file>
    </package>
    <file name="/var/www/html/turkticaret-api/app/Filters/Base/FilterInterface.php">
      <metrics loc="11" ncloc="11" classes="0" methods="0" coveredmethods="0" conditionals="0" coveredconditionals="0" statements="0" coveredstatements="0" elements="0" coveredelements="0"/>
    </file>
    <package name="App\Filters\Common">
      <file name="/var/www/html/turkticaret-api/app/Filters/Common/DateRangeFilter.php">
        <class name="App\Filters\Common\DateRangeFilter" namespace="App\Filters\Common">
          <metrics complexity="3" methods="1" coveredmethods="0" conditionals="0" coveredconditionals="0" statements="7" coveredstatements="0" elements="8" coveredelements="0"/>
        </class>
        <line num="12" type="method" name="handle" visibility="public" complexity="3" crap="12" count="0"/>
        <line num="14" type="stmt" count="0"/>
        <line num="15" type="stmt" count="0"/>
        <line num="17" type="stmt" count="0"/>
        <line num="18" type="stmt" count="0"/>
        <line num="21" type="stmt" count="0"/>
        <line num="22" type="stmt" count="0"/>
        <line num="25" type="stmt" count="0"/>
        <metrics loc="27" ncloc="27" classes="1" methods="1" coveredmethods="0" conditionals="0" coveredconditionals="0" statements="7" coveredstatements="0" elements="8" coveredelements="0"/>
      </file>
      <file name="/var/www/html/turkticaret-api/app/Filters/Common/PaginationFilter.php">
        <class name="App\Filters\Common\PaginationFilter" namespace="App\Filters\Common">
          <metrics complexity="3" methods="1" coveredmethods="0" conditionals="0" coveredconditionals="0" statements="12" coveredstatements="0" elements="13" coveredelements="0"/>
        </class>
        <line num="12" type="method" name="handle" visibility="public" complexity="3" crap="12" count="0"/>
        <line num="14" type="stmt" count="0"/>
        <line num="15" type="stmt" count="0"/>
        <line num="17" type="stmt" count="0"/>
        <line num="18" type="stmt" count="0"/>
        <line num="21" type="stmt" count="0"/>
        <line num="22" type="stmt" count="0"/>
        <line num="25" type="stmt" count="0"/>
        <line num="26" type="stmt" count="0"/>
        <line num="27" type="stmt" count="0"/>
        <line num="28" type="stmt" count="0"/>
        <line num="29" type="stmt" count="0"/>
        <line num="31" type="stmt" count="0"/>
        <metrics loc="33" ncloc="33" classes="1" methods="1" coveredmethods="0" conditionals="0" coveredconditionals="0" statements="12" coveredstatements="0" elements="13" coveredelements="0"/>
      </file>
      <file name="/var/www/html/turkticaret-api/app/Filters/Common/SearchFilter.php">
        <class name="App\Filters\Common\SearchFilter" namespace="App\Filters\Common">
          <metrics complexity="5" methods="1" coveredmethods="0" conditionals="0" coveredconditionals="0" statements="12" coveredstatements="0" elements="13" coveredelements="0"/>
        </class>
        <line num="12" type="method" name="handle" visibility="public" complexity="5" crap="30" count="0"/>
        <line num="14" type="stmt" count="0"/>
        <line num="15" type="stmt" count="0"/>
        <line num="16" type="stmt" count="0"/>
        <line num="18" type="stmt" count="0"/>
        <line num="19" type="stmt" count="0"/>
        <line num="21" type="stmt" count="0"/>
        <line num="22" type="stmt" count="0"/>
        <line num="24" type="stmt" count="0"/>
        <line num="25" type="stmt" count="0"/>
        <line num="26" type="stmt" count="0"/>
        <line num="28" type="stmt" count="0"/>
        <line num="32" type="stmt" count="0"/>
        <metrics loc="34" ncloc="34" classes="1" methods="1" coveredmethods="0" conditionals="0" coveredconditionals="0" statements="12" coveredstatements="0" elements="13" coveredelements="0"/>
      </file>
      <file name="/var/www/html/turkticaret-api/app/Filters/Common/SortFilter.php">
        <class name="App\Filters\Common\SortFilter" namespace="App\Filters\Common">
          <metrics complexity="3" methods="1" coveredmethods="0" conditionals="0" coveredconditionals="0" statements="12" coveredstatements="0" elements="13" coveredelements="0"/>
        </class>
        <line num="13" type="method" name="handle" visibility="public" complexity="3" crap="12" count="0"/>
        <line num="15" type="stmt" count="0"/>
        <line num="16" type="stmt" count="0"/>
        <line num="18" type="stmt" count="0"/>
        <line num="19" type="stmt" count="0"/>
        <line num="20" type="stmt" count="0"/>
        <line num="23" type="stmt" count="0"/>
        <line num="24" type="stmt" count="0"/>
        <line num="26" type="stmt" count="0"/>
        <line num="28" type="stmt" count="0"/>
        <line num="29" type="stmt" count="0"/>
        <line num="31" type="stmt" count="0"/>
        <line num="34" type="stmt" count="0"/>
        <metrics loc="36" ncloc="35" classes="1" methods="1" coveredmethods="0" conditionals="0" coveredconditionals="0" statements="12" coveredstatements="0" elements="13" coveredelements="0"/>
      </file>
    </package>
    <package name="App\Filters\Product">
      <file name="/var/www/html/turkticaret-api/app/Filters/Product/ProductFilter.php">
        <class name="App\Filters\Product\ProductFilter" namespace="App\Filters\Product">
          <metrics complexity="7" methods="1" coveredmethods="0" conditionals="0" coveredconditionals="0" statements="17" coveredstatements="15" elements="18" coveredelements="15"/>
        </class>
        <line num="13" type="method" name="handle" visibility="public" complexity="7" crap="7.08" count="4"/>
        <line num="16" type="stmt" count="4"/>
        <line num="17" type="stmt" count="1"/>
        <line num="21" type="stmt" count="4"/>
        <line num="22" type="stmt" count="1"/>
        <line num="25" type="stmt" count="4"/>
        <line num="26" type="stmt" count="1"/>
        <line num="30" type="stmt" count="4"/>
        <line num="31" type="stmt" count="1"/>
        <line num="33" type="stmt" count="1"/>
        <line num="34" type="stmt" count="1"/>
        <line num="35" type="stmt" count="1"/>
        <line num="36" type="stmt" count="1"/>
        <line num="40" type="stmt" count="4"/>
        <line num="41" type="stmt" count="0"/>
        <line num="45" type="stmt" count="4"/>
        <line num="46" type="stmt" count="0"/>
        <line num="49" type="stmt" count="4"/>
        <metrics loc="51" ncloc="45" classes="1" methods="1" coveredmethods="0" conditionals="0" coveredconditionals="0" statements="17" coveredstatements="15" elements="18" coveredelements="15"/>
      </file>
      <file name="/var/www/html/turkticaret-api/app/Filters/Product/ProductFilterHandler.php">
        <class name="App\Filters\Product\ProductFilterHandler" namespace="App\Filters\Product">
          <metrics complexity="1" methods="1" coveredmethods="1" conditionals="0" coveredconditionals="0" statements="6" coveredstatements="6" elements="7" coveredelements="7"/>
        </class>
        <line num="11" type="method" name="apply" visibility="public" complexity="1" crap="1" count="4"/>
        <line num="13" type="stmt" count="4"/>
        <line num="16" type="stmt" count="4"/>
        <line num="17" type="stmt" count="4"/>
        <line num="20" type="stmt" count="4"/>
        <line num="21" type="stmt" count="4"/>
        <line num="23" type="stmt" count="4"/>
        <metrics loc="25" ncloc="22" classes="1" methods="1" coveredmethods="1" conditionals="0" coveredconditionals="0" statements="6" coveredstatements="6" elements="7" coveredelements="7"/>
      </file>
    </package>
    <package name="App\Helpers">
      <file name="/var/www/html/turkticaret-api/app/Helpers/LanguageHelper.php">
        <class name="App\Helpers\LanguageHelper" namespace="App\Helpers">
          <metrics complexity="1" methods="1" coveredmethods="0" conditionals="0" coveredconditionals="0" statements="1" coveredstatements="0" elements="2" coveredelements="0"/>
        </class>
        <line num="13" type="method" name="extractLanguageCodeFromLocale" visibility="public" complexity="1" crap="2" count="0"/>
        <line num="15" type="stmt" count="0"/>
        <metrics loc="18" ncloc="12" classes="1" methods="1" coveredmethods="0" conditionals="0" coveredconditionals="0" statements="1" coveredstatements="0" elements="2" coveredelements="0"/>
      </file>
      <file name="/var/www/html/turkticaret-api/app/Helpers/MacroHelper.php">
        <class name="App\Helpers\MacroHelper" namespace="App\Helpers">
          <metrics complexity="6" methods="2" coveredmethods="2" conditionals="0" coveredconditionals="0" statements="20" coveredstatements="20" elements="22" coveredelements="22"/>
        </class>
        <line num="10" type="method" name="success" visibility="public" complexity="4" crap="4" count="215"/>
        <line num="12" type="stmt" count="215"/>
        <line num="13" type="stmt" count="68"/>
        <line num="14" type="stmt" count="68"/>
        <line num="15" type="stmt" count="68"/>
        <line num="16" type="stmt" count="68"/>
        <line num="17" type="stmt" count="68"/>
        <line num="19" type="stmt" count="68"/>
        <line num="20" type="stmt" count="22"/>
        <line num="22" type="stmt" count="47"/>
        <line num="25" type="stmt" count="68"/>
        <line num="26" type="stmt" count="215"/>
        <line num="29" type="method" name="error" visibility="public" complexity="2" crap="2" count="215"/>
        <line num="31" type="stmt" count="215"/>
        <line num="32" type="stmt" count="137"/>
        <line num="33" type="stmt" count="137"/>
        <line num="34" type="stmt" count="137"/>
        <line num="35" type="stmt" count="137"/>
        <line num="36" type="stmt" count="137"/>
        <line num="37" type="stmt" count="137"/>
        <line num="39" type="stmt" count="137"/>
        <line num="40" type="stmt" count="215"/>
        <metrics loc="42" ncloc="42" classes="1" methods="2" coveredmethods="2" conditionals="0" coveredconditionals="0" statements="20" coveredstatements="20" elements="22" coveredelements="22"/>
      </file>
      <file name="/var/www/html/turkticaret-api/app/Helpers/MoneyHelper.php">
        <class name="App\Helpers\MoneyHelper" namespace="App\Helpers">
          <metrics complexity="7" methods="4" coveredmethods="1" conditionals="0" coveredconditionals="0" statements="17" coveredstatements="2" elements="21" coveredelements="3"/>
        </class>
        <line num="7" type="method" name="getAmountInfo" visibility="public" complexity="4" crap="20" count="0"/>
        <line num="9" type="stmt" count="0"/>
        <line num="10" type="stmt" count="0"/>
        <line num="12" type="stmt" count="0"/>
        <line num="13" type="stmt" count="0"/>
        <line num="14" type="stmt" count="0"/>
        <line num="15" type="stmt" count="0"/>
        <line num="16" type="stmt" count="0"/>
        <line num="18" type="stmt" count="0"/>
        <line num="19" type="stmt" count="0"/>
        <line num="20" type="stmt" count="0"/>
        <line num="21" type="stmt" count="0"/>
        <line num="22" type="stmt" count="0"/>
        <line num="23" type="stmt" count="0"/>
        <line num="26" type="method" name="formatAmount" visibility="public" complexity="1" crap="1" count="9"/>
        <line num="28" type="stmt" count="9"/>
        <line num="29" type="stmt" count="9"/>
        <line num="32" type="method" name="convertToMinorUnits" visibility="public" complexity="1" crap="2" count="0"/>
        <line num="34" type="stmt" count="0"/>
        <line num="37" type="method" name="convertFromMinorUnits" visibility="public" complexity="1" crap="2" count="0"/>
        <line num="39" type="stmt" count="0"/>
        <metrics loc="42" ncloc="42" classes="1" methods="4" coveredmethods="1" conditionals="0" coveredconditionals="0" statements="17" coveredstatements="2" elements="21" coveredelements="3"/>
      </file>
      <file name="/var/www/html/turkticaret-api/app/Helpers/RouteHelper.php">
        <class name="App\Helpers\RouteHelper" namespace="App\Helpers">
          <metrics complexity="4" methods="1" coveredmethods="0" conditionals="0" coveredconditionals="0" statements="6" coveredstatements="0" elements="7" coveredelements="0"/>
        </class>
        <line num="15" type="method" name="includeRoutesFromDirectory" visibility="public" complexity="4" crap="20" count="0"/>
        <line num="17" type="stmt" count="0"/>
        <line num="18" type="stmt" count="0"/>
        <line num="21" type="stmt" count="0"/>
        <line num="23" type="stmt" count="0"/>
        <line num="24" type="stmt" count="0"/>
        <line num="25" type="stmt" count="0"/>
        <metrics loc="30" ncloc="24" classes="1" methods="1" coveredmethods="0" conditionals="0" coveredconditionals="0" statements="6" coveredstatements="0" elements="7" coveredelements="0"/>
      </file>
    </package>
    <package name="App\Http\Controllers\Admin\Dashboard">
      <file name="/var/www/html/turkticaret-api/app/Http/Controllers/Admin/Dashboard/DashboardController.php">
        <class name="App\Http\Controllers\Admin\Dashboard\DashboardController" namespace="App\Http\Controllers\Admin\Dashboard">
          <metrics complexity="2" methods="2" coveredmethods="2" conditionals="0" coveredconditionals="0" statements="3" coveredstatements="3" elements="5" coveredelements="5"/>
        </class>
        <line num="13" type="method" name="__construct" visibility="public" complexity="1" crap="1" count="10"/>
        <line num="15" type="method" name="index" visibility="public" complexity="1" crap="1" count="9"/>
        <line num="17" type="stmt" count="9"/>
        <line num="19" type="stmt" count="9"/>
        <metrics loc="22" ncloc="22" classes="1" methods="2" coveredmethods="2" conditionals="0" coveredconditionals="0" statements="3" coveredstatements="3" elements="5" coveredelements="5"/>
      </file>
    </package>
    <package name="App\Http\Controllers\Auth">
      <file name="/var/www/html/turkticaret-api/app/Http/Controllers/Auth/LoginController.php">
        <class name="App\Http\Controllers\Auth\LoginController" namespace="App\Http\Controllers\Auth">
          <metrics complexity="3" methods="3" coveredmethods="2" conditionals="0" coveredconditionals="0" statements="9" coveredstatements="7" elements="12" coveredelements="9"/>
        </class>
        <line num="14" type="method" name="__construct" visibility="public" complexity="1" crap="1" count="12"/>
        <line num="16" type="method" name="login" visibility="public" complexity="1" crap="1" count="9"/>
        <line num="18" type="stmt" count="9"/>
        <line num="20" type="stmt" count="6"/>
        <line num="21" type="stmt" count="6"/>
        <line num="22" type="stmt" count="6"/>
        <line num="23" type="stmt" count="6"/>
        <line num="24" type="stmt" count="6"/>
        <line num="27" type="method" name="logout" visibility="public" complexity="1" crap="2" count="0"/>
        <line num="29" type="stmt" count="0"/>
        <line num="31" type="stmt" count="0"/>
        <metrics loc="33" ncloc="33" classes="1" methods="3" coveredmethods="2" conditionals="0" coveredconditionals="0" statements="9" coveredstatements="7" elements="12" coveredelements="9"/>
      </file>
      <file name="/var/www/html/turkticaret-api/app/Http/Controllers/Auth/RegisterController.php">
        <class name="App\Http\Controllers\Auth\RegisterController" namespace="App\Http\Controllers\Auth">
          <metrics complexity="2" methods="2" coveredmethods="1" conditionals="0" coveredconditionals="0" statements="7" coveredstatements="1" elements="9" coveredelements="2"/>
        </class>
        <line num="13" type="method" name="__construct" visibility="public" complexity="1" crap="1" count="12"/>
        <line num="15" type="method" name="register" visibility="public" complexity="1" crap="2" count="0"/>
        <line num="17" type="stmt" count="0"/>
        <line num="19" type="stmt" count="0"/>
        <line num="20" type="stmt" count="0"/>
        <line num="21" type="stmt" count="0"/>
        <line num="22" type="stmt" count="0"/>
        <line num="23" type="stmt" count="0"/>
        <metrics loc="25" ncloc="25" classes="1" methods="2" coveredmethods="1" conditionals="0" coveredconditionals="0" statements="7" coveredstatements="1" elements="9" coveredelements="2"/>
      </file>
    </package>
    <package name="App\Http\Controllers">
      <file name="/var/www/html/turkticaret-api/app/Http/Controllers/BaseController.php">
        <class name="App\Http\Controllers\BaseController" namespace="App\Http\Controllers">
          <metrics complexity="0" methods="0" coveredmethods="0" conditionals="0" coveredconditionals="0" statements="0" coveredstatements="0" elements="0" coveredelements="0"/>
        </class>
        <metrics loc="13" ncloc="13" classes="0" methods="0" coveredmethods="0" conditionals="0" coveredconditionals="0" statements="0" coveredstatements="0" elements="0" coveredelements="0"/>
      </file>
      <file name="/var/www/html/turkticaret-api/app/Http/Controllers/Controller.php">
        <class name="App\Http\Controllers\Controller" namespace="App\Http\Controllers">
          <metrics complexity="0" methods="0" coveredmethods="0" conditionals="0" coveredconditionals="0" statements="0" coveredstatements="0" elements="0" coveredelements="0"/>
        </class>
        <metrics loc="9" ncloc="8" classes="0" methods="0" coveredmethods="0" conditionals="0" coveredconditionals="0" statements="0" coveredstatements="0" elements="0" coveredelements="0"/>
      </file>
      <file name="/var/www/html/turkticaret-api/app/Http/Controllers/HealthController.php">
        <class name="App\Http\Controllers\HealthController" namespace="App\Http\Controllers">
          <metrics complexity="1" methods="1" coveredmethods="0" conditionals="0" coveredconditionals="0" statements="4" coveredstatements="0" elements="5" coveredelements="0"/>
        </class>
        <line num="7" type="method" name="health" visibility="public" complexity="1" crap="2" count="0"/>
        <line num="9" type="stmt" count="0"/>
        <line num="10" type="stmt" count="0"/>
        <line num="11" type="stmt" count="0"/>
        <line num="12" type="stmt" count="0"/>
        <metrics loc="15" ncloc="15" classes="1" methods="1" coveredmethods="0" conditionals="0" coveredconditionals="0" statements="4" coveredstatements="0" elements="5" coveredelements="0"/>
      </file>
    </package>
    <package name="App\Http\Controllers\Cart">
      <file name="/var/www/html/turkticaret-api/app/Http/Controllers/Cart/CartController.php">
        <class name="App\Http\Controllers\Cart\CartController" namespace="App\Http\Controllers\Cart">
          <metrics complexity="6" methods="6" coveredmethods="6" conditionals="0" coveredconditionals="0" statements="17" coveredstatements="17" elements="23" coveredelements="23"/>
        </class>
        <line num="14" type="method" name="__construct" visibility="public" complexity="1" crap="1" count="22"/>
        <line num="16" type="method" name="index" visibility="public" complexity="1" crap="1" count="5"/>
        <line num="18" type="stmt" count="5"/>
        <line num="20" type="stmt" count="5"/>
        <line num="23" type="method" name="add" visibility="public" complexity="1" crap="1" count="7"/>
        <line num="25" type="stmt" count="7"/>
        <line num="26" type="stmt" count="7"/>
        <line num="27" type="stmt" count="7"/>
        <line num="28" type="stmt" count="7"/>
        <line num="30" type="stmt" count="4"/>
        <line num="33" type="method" name="update" visibility="public" complexity="1" crap="1" count="3"/>
        <line num="35" type="stmt" count="3"/>
        <line num="36" type="stmt" count="3"/>
        <line num="37" type="stmt" count="3"/>
        <line num="38" type="stmt" count="3"/>
        <line num="40" type="stmt" count="2"/>
        <line num="43" type="method" name="remove" visibility="public" complexity="1" crap="1" count="2"/>
        <line num="45" type="stmt" count="2"/>
        <line num="47" type="stmt" count="2"/>
        <line num="50" type="method" name="clear" visibility="public" complexity="1" crap="1" count="1"/>
        <line num="52" type="stmt" count="1"/>
        <line num="54" type="stmt" count="1"/>
        <metrics loc="56" ncloc="56" classes="1" methods="6" coveredmethods="6" conditionals="0" coveredconditionals="0" statements="17" coveredstatements="17" elements="23" coveredelements="23"/>
      </file>
    </package>
    <package name="App\Http\Controllers\Category">
      <file name="/var/www/html/turkticaret-api/app/Http/Controllers/Category/CategoryController.php">
        <class name="App\Http\Controllers\Category\CategoryController" namespace="App\Http\Controllers\Category">
          <metrics complexity="8" methods="8" coveredmethods="5" conditionals="0" coveredconditionals="0" statements="10" coveredstatements="7" elements="18" coveredelements="12"/>
        </class>
        <line num="16" type="method" name="__construct" visibility="public" complexity="1" crap="1" count="18"/>
        <line num="18" type="method" name="index" visibility="public" complexity="1" crap="1" count="6"/>
        <line num="20" type="stmt" count="6"/>
        <line num="23" type="method" name="store" visibility="public" complexity="1" crap="1" count="1"/>
        <line num="25" type="stmt" count="1"/>
        <line num="28" type="method" name="show" visibility="public" complexity="1" crap="1" count="1"/>
        <line num="30" type="stmt" count="1"/>
        <line num="33" type="method" name="update" visibility="public" complexity="1" crap="2" count="0"/>
        <line num="35" type="stmt" count="0"/>
        <line num="38" type="method" name="destroy" visibility="public" complexity="1" crap="1.12" count="1"/>
        <line num="40" type="stmt" count="1"/>
        <line num="42" type="stmt" count="0"/>
        <line num="45" type="method" name="restore" visibility="public" complexity="1" crap="1" count="1"/>
        <line num="47" type="stmt" count="1"/>
        <line num="50" type="method" name="forceDelete" visibility="public" complexity="1" crap="1.12" count="1"/>
        <line num="52" type="stmt" count="1"/>
        <line num="54" type="stmt" count="0"/>
        <metrics loc="57" ncloc="57" classes="1" methods="8" coveredmethods="5" conditionals="0" coveredconditionals="0" statements="10" coveredstatements="7" elements="18" coveredelements="12"/>
      </file>
    </package>
    <package name="App\Http\Controllers\Country">
      <file name="/var/www/html/turkticaret-api/app/Http/Controllers/Country/CountryController.php">
        <class name="App\Http\Controllers\Country\CountryController" namespace="App\Http\Controllers\Country">
          <metrics complexity="6" methods="6" coveredmethods="6" conditionals="0" coveredconditionals="0" statements="10" coveredstatements="10" elements="16" coveredelements="16"/>
        </class>
        <line num="17" type="method" name="__construct" visibility="public" complexity="1" crap="1" count="18"/>
        <line num="19" type="method" name="index" visibility="public" complexity="1" crap="1" count="5"/>
        <line num="21" type="stmt" count="5"/>
        <line num="23" type="stmt" count="5"/>
        <line num="26" type="method" name="show" visibility="public" complexity="1" crap="1" count="2"/>
        <line num="28" type="stmt" count="2"/>
        <line num="31" type="method" name="store" visibility="public" complexity="1" crap="1" count="1"/>
        <line num="33" type="stmt" count="1"/>
        <line num="35" type="stmt" count="1"/>
        <line num="38" type="method" name="update" visibility="public" complexity="1" crap="1" count="1"/>
        <line num="40" type="stmt" count="1"/>
        <line num="42" type="stmt" count="1"/>
        <line num="45" type="method" name="destroy" visibility="public" complexity="1" crap="1" count="1"/>
        <line num="47" type="stmt" count="1"/>
        <line num="49" type="stmt" count="1"/>
        <metrics loc="52" ncloc="52" classes="1" methods="6" coveredmethods="6" conditionals="0" coveredconditionals="0" statements="10" coveredstatements="10" elements="16" coveredelements="16"/>
      </file>
    </package>
    <package name="App\Http\Controllers\Currency">
      <file name="/var/www/html/turkticaret-api/app/Http/Controllers/Currency/CurrencyController.php">
        <class name="App\Http\Controllers\Currency\CurrencyController" namespace="App\Http\Controllers\Currency">
          <metrics complexity="6" methods="6" coveredmethods="6" conditionals="0" coveredconditionals="0" statements="10" coveredstatements="10" elements="16" coveredelements="16"/>
        </class>
        <line num="17" type="method" name="__construct" visibility="public" complexity="1" crap="1" count="16"/>
        <line num="19" type="method" name="index" visibility="public" complexity="1" crap="1" count="1"/>
        <line num="21" type="stmt" count="1"/>
        <line num="23" type="stmt" count="1"/>
        <line num="26" type="method" name="show" visibility="public" complexity="1" crap="1" count="1"/>
        <line num="28" type="stmt" count="1"/>
        <line num="31" type="method" name="store" visibility="public" complexity="1" crap="1" count="1"/>
        <line num="33" type="stmt" count="1"/>
        <line num="35" type="stmt" count="1"/>
        <line num="38" type="method" name="update" visibility="public" complexity="1" crap="1" count="1"/>
        <line num="40" type="stmt" count="1"/>
        <line num="42" type="stmt" count="1"/>
        <line num="45" type="method" name="destroy" visibility="public" complexity="1" crap="1" count="1"/>
        <line num="47" type="stmt" count="1"/>
        <line num="49" type="stmt" count="1"/>
        <metrics loc="51" ncloc="51" classes="1" methods="6" coveredmethods="6" conditionals="0" coveredconditionals="0" statements="10" coveredstatements="10" elements="16" coveredelements="16"/>
      </file>
    </package>
    <package name="App\Http\Controllers\Language">
      <file name="/var/www/html/turkticaret-api/app/Http/Controllers/Language/LanguageController.php">
        <class name="App\Http\Controllers\Language\LanguageController" namespace="App\Http\Controllers\Language">
          <metrics complexity="6" methods="6" coveredmethods="1" conditionals="0" coveredconditionals="0" statements="10" coveredstatements="1" elements="16" coveredelements="2"/>
        </class>
        <line num="17" type="method" name="__construct" visibility="public" complexity="1" crap="1" count="16"/>
        <line num="19" type="method" name="index" visibility="public" complexity="1" crap="2" count="0"/>
        <line num="21" type="stmt" count="0"/>
        <line num="23" type="stmt" count="0"/>
        <line num="26" type="method" name="show" visibility="public" complexity="1" crap="2" count="0"/>
        <line num="28" type="stmt" count="0"/>
        <line num="31" type="method" name="store" visibility="public" complexity="1" crap="2" count="0"/>
        <line num="33" type="stmt" count="0"/>
        <line num="35" type="stmt" count="0"/>
        <line num="38" type="method" name="update" visibility="public" complexity="1" crap="2" count="0"/>
        <line num="40" type="stmt" count="0"/>
        <line num="42" type="stmt" count="0"/>
        <line num="45" type="method" name="destroy" visibility="public" complexity="1" crap="2" count="0"/>
        <line num="47" type="stmt" count="0"/>
        <line num="49" type="stmt" count="0"/>
        <metrics loc="52" ncloc="52" classes="1" methods="6" coveredmethods="1" conditionals="0" coveredconditionals="0" statements="10" coveredstatements="1" elements="16" coveredelements="2"/>
      </file>
    </package>
    <package name="App\Http\Controllers\Order">
      <file name="/var/www/html/turkticaret-api/app/Http/Controllers/Order/OrderController.php">
        <class name="App\Http\Controllers\Order\OrderController" namespace="App\Http\Controllers\Order">
          <metrics complexity="5" methods="4" coveredmethods="2" conditionals="0" coveredconditionals="0" statements="14" coveredstatements="9" elements="18" coveredelements="11"/>
        </class>
        <line num="17" type="method" name="__construct" visibility="public" complexity="1" crap="1" count="22"/>
        <line num="19" type="method" name="index" visibility="public" complexity="1" crap="2" count="0"/>
        <line num="21" type="stmt" count="0"/>
        <line num="23" type="stmt" count="0"/>
        <line num="26" type="method" name="store" visibility="public" complexity="2" crap="2" count="10"/>
        <line num="29" type="stmt" count="10"/>
        <line num="31" type="stmt" count="10"/>
        <line num="32" type="stmt" count="10"/>
        <line num="33" type="stmt" count="10"/>
        <line num="34" type="stmt" count="10"/>
        <line num="36" type="stmt" count="6"/>
        <line num="37" type="stmt" count="4"/>
        <line num="38" type="stmt" count="4"/>
        <line num="42" type="method" name="show" visibility="public" complexity="1" crap="2" count="0"/>
        <line num="44" type="stmt" count="0"/>
        <line num="46" type="stmt" count="0"/>
        <line num="48" type="stmt" count="0"/>
        <metrics loc="50" ncloc="50" classes="1" methods="4" coveredmethods="2" conditionals="0" coveredconditionals="0" statements="14" coveredstatements="9" elements="18" coveredelements="11"/>
      </file>
      <file name="/var/www/html/turkticaret-api/app/Http/Controllers/Order/OrderStatusController.php">
        <class name="App\Http\Controllers\Order\OrderStatusController" namespace="App\Http\Controllers\Order">
          <metrics complexity="5" methods="3" coveredmethods="2" conditionals="0" coveredconditionals="0" statements="16" coveredstatements="12" elements="19" coveredelements="14"/>
        </class>
        <line num="17" type="method" name="__construct" visibility="public" complexity="1" crap="1" count="9"/>
        <line num="19" type="method" name="update" visibility="public" complexity="3" crap="4.12" count="2"/>
        <line num="21" type="stmt" count="2"/>
        <line num="24" type="stmt" count="1"/>
        <line num="26" type="stmt" count="1"/>
        <line num="28" type="stmt" count="1"/>
        <line num="29" type="stmt" count="0"/>
        <line num="30" type="stmt" count="0"/>
        <line num="31" type="stmt" count="0"/>
        <line num="32" type="stmt" count="0"/>
        <line num="37" type="method" name="getStatusHistory" visibility="public" complexity="1" crap="1" count="2"/>
        <line num="39" type="stmt" count="2"/>
        <line num="41" type="stmt" count="1"/>
        <line num="43" type="stmt" count="1"/>
        <line num="44" type="stmt" count="1"/>
        <line num="45" type="stmt" count="1"/>
        <line num="46" type="stmt" count="1"/>
        <line num="47" type="stmt" count="1"/>
        <metrics loc="49" ncloc="49" classes="1" methods="3" coveredmethods="2" conditionals="0" coveredconditionals="0" statements="16" coveredstatements="12" elements="19" coveredelements="14"/>
      </file>
    </package>
    <package name="App\Http\Controllers\Product">
      <file name="/var/www/html/turkticaret-api/app/Http/Controllers/Product/ProductController.php">
        <class name="App\Http\Controllers\Product\ProductController" namespace="App\Http\Controllers\Product">
          <metrics complexity="10" methods="10" coveredmethods="3" conditionals="0" coveredconditionals="0" statements="15" coveredstatements="4" elements="25" coveredelements="7"/>
        </class>
        <line num="17" type="method" name="__construct" visibility="public" complexity="1" crap="1" count="25"/>
        <line num="19" type="method" name="index" visibility="public" complexity="1" crap="1" count="10"/>
        <line num="21" type="stmt" count="10"/>
        <line num="23" type="stmt" count="10"/>
        <line num="26" type="method" name="store" visibility="public" complexity="1" crap="2" count="0"/>
        <line num="28" type="stmt" count="0"/>
        <line num="31" type="method" name="show" visibility="public" complexity="1" crap="1" count="2"/>
        <line num="33" type="stmt" count="2"/>
        <line num="36" type="method" name="update" visibility="public" complexity="1" crap="2" count="0"/>
        <line num="38" type="stmt" count="0"/>
        <line num="41" type="method" name="destroy" visibility="public" complexity="1" crap="2" count="0"/>
        <line num="43" type="stmt" count="0"/>
        <line num="45" type="stmt" count="0"/>
        <line num="48" type="method" name="restore" visibility="public" complexity="1" crap="2" count="0"/>
        <line num="50" type="stmt" count="0"/>
        <line num="53" type="method" name="forceDelete" visibility="public" complexity="1" crap="2" count="0"/>
        <line num="55" type="stmt" count="0"/>
        <line num="57" type="stmt" count="0"/>
        <line num="60" type="method" name="statistics" visibility="public" complexity="1" crap="2" count="0"/>
        <line num="62" type="stmt" count="0"/>
        <line num="64" type="stmt" count="0"/>
        <line num="67" type="method" name="related" visibility="public" complexity="1" crap="2" count="0"/>
        <line num="69" type="stmt" count="0"/>
        <line num="71" type="stmt" count="0"/>
        <metrics loc="74" ncloc="74" classes="1" methods="10" coveredmethods="3" conditionals="0" coveredconditionals="0" statements="15" coveredstatements="4" elements="25" coveredelements="7"/>
      </file>
    </package>
    <package name="App\Http\Controllers\Setting">
      <file name="/var/www/html/turkticaret-api/app/Http/Controllers/Setting/SettingsController.php">
        <class name="App\Http\Controllers\Setting\SettingsController" namespace="App\Http\Controllers\Setting">
          <metrics complexity="4" methods="4" coveredmethods="3" conditionals="0" coveredconditionals="0" statements="8" coveredstatements="6" elements="12" coveredelements="9"/>
        </class>
        <line num="12" type="method" name="__construct" visibility="public" complexity="1" crap="1" count="8"/>
        <line num="14" type="method" name="index" visibility="public" complexity="1" crap="1" count="1"/>
        <line num="16" type="stmt" count="1"/>
        <line num="18" type="stmt" count="1"/>
        <line num="21" type="method" name="update" visibility="public" complexity="1" crap="1" count="1"/>
        <line num="23" type="stmt" count="1"/>
        <line num="24" type="stmt" count="1"/>
        <line num="26" type="stmt" count="1"/>
        <line num="29" type="method" name="status" visibility="public" complexity="1" crap="2" count="0"/>
        <line num="31" type="stmt" count="0"/>
        <line num="33" type="stmt" count="0"/>
        <metrics loc="36" ncloc="36" classes="1" methods="4" coveredmethods="3" conditionals="0" coveredconditionals="0" statements="8" coveredstatements="6" elements="12" coveredelements="9"/>
      </file>
    </package>
    <package name="App\Http\Controllers\User\Profile">
      <file name="/var/www/html/turkticaret-api/app/Http/Controllers/User/Profile/ProfileController.php">
        <class name="App\Http\Controllers\User\Profile\ProfileController" namespace="App\Http\Controllers\User\Profile">
          <metrics complexity="3" methods="3" coveredmethods="3" conditionals="0" coveredconditionals="0" statements="7" coveredstatements="7" elements="10" coveredelements="10"/>
        </class>
        <line num="13" type="method" name="__construct" visibility="public" complexity="1" crap="1" count="7"/>
        <line num="15" type="method" name="show" visibility="public" complexity="1" crap="1" count="2"/>
        <line num="17" type="stmt" count="2"/>
        <line num="18" type="stmt" count="2"/>
        <line num="20" type="stmt" count="2"/>
        <line num="23" type="method" name="update" visibility="public" complexity="1" crap="1" count="2"/>
        <line num="25" type="stmt" count="2"/>
        <line num="26" type="stmt" count="2"/>
        <line num="28" type="stmt" count="2"/>
        <metrics loc="31" ncloc="31" classes="1" methods="3" coveredmethods="3" conditionals="0" coveredconditionals="0" statements="7" coveredstatements="7" elements="10" coveredelements="10"/>
      </file>
    </package>
    <package name="App\Http\Controllers\User\UserSettings">
      <file name="/var/www/html/turkticaret-api/app/Http/Controllers/User/UserSettings/UserSettingsController.php">
        <class name="App\Http\Controllers\User\UserSettings\UserSettingsController" namespace="App\Http\Controllers\User\UserSettings">
          <metrics complexity="7" methods="6" coveredmethods="4" conditionals="0" coveredconditionals="0" statements="29" coveredstatements="18" elements="35" coveredelements="22"/>
        </class>
        <line num="18" type="method" name="__construct" visibility="public" complexity="1" crap="1" count="15"/>
        <line num="23" type="method" name="getUserSettings" visibility="public" complexity="1" crap="1" count="1"/>
        <line num="25" type="stmt" count="1"/>
        <line num="26" type="stmt" count="1"/>
        <line num="28" type="stmt" count="1"/>
        <line num="34" type="method" name="createDefaultSettings" visibility="public" complexity="1" crap="1" count="1"/>
        <line num="36" type="stmt" count="1"/>
        <line num="37" type="stmt" count="1"/>
        <line num="38" type="stmt" count="1"/>
        <line num="40" type="stmt" count="1"/>
        <line num="46" type="method" name="updateNotifications" visibility="public" complexity="1" crap="2" count="0"/>
        <line num="48" type="stmt" count="0"/>
        <line num="49" type="stmt" count="0"/>
        <line num="50" type="stmt" count="0"/>
        <line num="52" type="stmt" count="0"/>
        <line num="58" type="method" name="updatePreferences" visibility="public" complexity="1" crap="2" count="0"/>
        <line num="60" type="stmt" count="0"/>
        <line num="61" type="stmt" count="0"/>
        <line num="62" type="stmt" count="0"/>
        <line num="64" type="stmt" count="0"/>
        <line num="65" type="stmt" count="0"/>
        <line num="66" type="stmt" count="0"/>
        <line num="67" type="stmt" count="0"/>
        <line num="73" type="method" name="changePassword" visibility="public" complexity="2" crap="2" count="2"/>
        <line num="75" type="stmt" count="2"/>
        <line num="76" type="stmt" count="2"/>
        <line num="77" type="stmt" count="2"/>
        <line num="79" type="stmt" count="2"/>
        <line num="80" type="stmt" count="1"/>
        <line num="81" type="stmt" count="1"/>
        <line num="82" type="stmt" count="1"/>
        <line num="83" type="stmt" count="1"/>
        <line num="84" type="stmt" count="1"/>
        <line num="87" type="stmt" count="1"/>
        <metrics loc="90" ncloc="75" classes="1" methods="6" coveredmethods="4" conditionals="0" coveredconditionals="0" statements="29" coveredstatements="18" elements="35" coveredelements="22"/>
      </file>
    </package>
    <package name="App\Http\Middleware">
      <file name="/var/www/html/turkticaret-api/app/Http/Middleware/CorsMiddleware.php">
        <class name="App\Http\Middleware\CorsMiddleware" namespace="App\Http\Middleware">
          <metrics complexity="3" methods="1" coveredmethods="0" conditionals="0" coveredconditionals="0" statements="16" coveredstatements="8" elements="17" coveredelements="8"/>
        </class>
        <line num="11" type="method" name="handle" visibility="public" complexity="3" crap="4.12" count="204"/>
        <line num="13" type="stmt" count="204"/>
        <line num="14" type="stmt" count="0"/>
        <line num="15" type="stmt" count="0"/>
        <line num="16" type="stmt" count="0"/>
        <line num="17" type="stmt" count="0"/>
        <line num="18" type="stmt" count="0"/>
        <line num="19" type="stmt" count="0"/>
        <line num="20" type="stmt" count="0"/>
        <line num="23" type="stmt" count="204"/>
        <line num="25" type="stmt" count="204"/>
        <line num="26" type="stmt" count="0"/>
        <line num="29" type="stmt" count="204"/>
        <line num="30" type="stmt" count="204"/>
        <line num="31" type="stmt" count="204"/>
        <line num="32" type="stmt" count="204"/>
        <line num="34" type="stmt" count="204"/>
        <metrics loc="37" ncloc="37" classes="1" methods="1" coveredmethods="0" conditionals="0" coveredconditionals="0" statements="16" coveredstatements="8" elements="17" coveredelements="8"/>
      </file>
      <file name="/var/www/html/turkticaret-api/app/Http/Middleware/SecurityHeadersMiddleware.php">
        <class name="App\Http\Middleware\SecurityHeadersMiddleware" namespace="App\Http\Middleware">
          <metrics complexity="1" methods="1" coveredmethods="1" conditionals="0" coveredconditionals="0" statements="24" coveredstatements="24" elements="25" coveredelements="25"/>
        </class>
        <line num="16" type="method" name="handle" visibility="public" complexity="1" crap="1" count="204"/>
        <line num="18" type="stmt" count="204"/>
        <line num="21" type="stmt" count="204"/>
        <line num="22" type="stmt" count="204"/>
        <line num="23" type="stmt" count="204"/>
        <line num="24" type="stmt" count="204"/>
        <line num="25" type="stmt" count="204"/>
        <line num="26" type="stmt" count="204"/>
        <line num="27" type="stmt" count="204"/>
        <line num="28" type="stmt" count="204"/>
        <line num="29" type="stmt" count="204"/>
        <line num="30" type="stmt" count="204"/>
        <line num="31" type="stmt" count="204"/>
        <line num="32" type="stmt" count="204"/>
        <line num="33" type="stmt" count="204"/>
        <line num="34" type="stmt" count="204"/>
        <line num="35" type="stmt" count="204"/>
        <line num="38" type="stmt" count="204"/>
        <line num="41" type="stmt" count="204"/>
        <line num="44" type="stmt" count="204"/>
        <line num="47" type="stmt" count="204"/>
        <line num="50" type="stmt" count="204"/>
        <line num="51" type="stmt" count="204"/>
        <line num="52" type="stmt" count="204"/>
        <line num="54" type="stmt" count="204"/>
        <metrics loc="56" ncloc="45" classes="1" methods="1" coveredmethods="1" conditionals="0" coveredconditionals="0" statements="24" coveredstatements="24" elements="25" coveredelements="25"/>
      </file>
      <file name="/var/www/html/turkticaret-api/app/Http/Middleware/TrustedProxiesMiddleware.php">
        <class name="App\Http\Middleware\TrustedProxiesMiddleware" namespace="App\Http\Middleware">
          <metrics complexity="0" methods="0" coveredmethods="0" conditionals="0" coveredconditionals="0" statements="0" coveredstatements="0" elements="0" coveredelements="0"/>
        </class>
        <metrics loc="25" ncloc="19" classes="0" methods="0" coveredmethods="0" conditionals="0" coveredconditionals="0" statements="0" coveredstatements="0" elements="0" coveredelements="0"/>
      </file>
    </package>
    <package name="App\Http\Requests\Auth">
      <file name="/var/www/html/turkticaret-api/app/Http/Requests/Auth/LoginRequest.php">
        <class name="App\Http\Requests\Auth\LoginRequest" namespace="App\Http\Requests\Auth">
          <metrics complexity="3" methods="3" coveredmethods="3" conditionals="0" coveredconditionals="0" statements="10" coveredstatements="10" elements="13" coveredelements="13"/>
        </class>
        <line num="9" type="method" name="authorize" visibility="public" complexity="1" crap="1" count="12"/>
        <line num="11" type="stmt" count="12"/>
[...]
        <line num="84" type="stmt" count="0"/>
        <line num="85" type="stmt" count="0"/>
        <line num="86" type="stmt" count="0"/>
        <line num="87" type="stmt" count="0"/>
        <line num="88" type="stmt" count="0"/>
        <line num="91" type="stmt" count="0"/>
        <line num="92" type="stmt" count="0"/>
        <line num="93" type="stmt" count="0"/>
        <line num="94" type="stmt" count="0"/>
        <line num="95" type="stmt" count="0"/>
        <line num="97" type="stmt" count="0"/>
        <line num="98" type="stmt" count="0"/>
        <line num="99" type="stmt" count="0"/>
        <line num="101" type="stmt" count="0"/>
        <line num="102" type="stmt" count="0"/>
        <line num="104" type="stmt" count="0"/>
        <line num="105" type="stmt" count="0"/>
        <line num="106" type="stmt" count="0"/>
        <line num="107" type="stmt" count="0"/>
        <line num="108" type="stmt" count="0"/>
        <line num="109" type="stmt" count="0"/>
        <line num="110" type="stmt" count="0"/>
        <line num="111" type="stmt" count="0"/>
        <line num="112" type="stmt" count="0"/>
        <line num="113" type="stmt" count="0"/>
        <line num="116" type="method" name="getRelatedProducts" visibility="public" complexity="1" crap="2" count="0"/>
        <line num="118" type="stmt" count="0"/>
        <line num="119" type="stmt" count="0"/>
        <line num="120" type="stmt" count="0"/>
        <line num="121" type="stmt" count="0"/>
        <line num="122" type="stmt" count="0"/>
        <line num="123" type="stmt" count="0"/>
        <line num="124" type="stmt" count="0"/>
        <metrics loc="127" ncloc="125" classes="1" methods="10" coveredmethods="3" conditionals="0" coveredconditionals="0" statements="59" coveredstatements="11" elements="69" coveredelements="14"/>
      </file>
    </package>
    <package name="App\Services\Setting">
      <file name="/var/www/html/turkticaret-api/app/Services/Setting/SettingsService.php">
        <class name="App\Services\Setting\SettingsService" namespace="App\Services\Setting">
          <metrics complexity="5" methods="4" coveredmethods="2" conditionals="0" coveredconditionals="0" statements="16" coveredstatements="8" elements="20" coveredelements="10"/>
        </class>
        <line num="11" type="method" name="__construct" visibility="public" complexity="1" crap="1" count="8"/>
        <line num="13" type="method" name="getAllActiveSettings" visibility="public" complexity="1" crap="1" count="1"/>
        <line num="15" type="stmt" count="1"/>
        <line num="16" type="stmt" count="1"/>
        <line num="17" type="stmt" count="1"/>
        <line num="20" type="method" name="updateSetting" visibility="public" complexity="2" crap="2.03" count="1"/>
        <line num="22" type="stmt" count="1"/>
        <line num="23" type="stmt" count="1"/>
        <line num="25" type="stmt" count="1"/>
        <line num="26" type="stmt" count="0"/>
        <line num="29" type="stmt" count="1"/>
        <line num="32" type="method" name="getSystemStatus" visibility="public" complexity="1" crap="2" count="0"/>
        <line num="34" type="stmt" count="0"/>
        <line num="36" type="stmt" count="0"/>
        <line num="37" type="stmt" count="0"/>
        <line num="38" type="stmt" count="0"/>
        <line num="39" type="stmt" count="0"/>
        <line num="40" type="stmt" count="0"/>
        <line num="41" type="stmt" count="0"/>
        <metrics loc="43" ncloc="43" classes="1" methods="4" coveredmethods="2" conditionals="0" coveredconditionals="0" statements="16" coveredstatements="8" elements="20" coveredelements="10"/>
      </file>
    </package>
    <package name="App\Services\User\Profile">
      <file name="/var/www/html/turkticaret-api/app/Services/User/Profile/ProfileService.php">
        <class name="App\Services\User\Profile\ProfileService" namespace="App\Services\User\Profile">
          <metrics complexity="3" methods="3" coveredmethods="3" conditionals="0" coveredconditionals="0" statements="5" coveredstatements="5" elements="8" coveredelements="8"/>
        </class>
        <line num="11" type="method" name="__construct" visibility="public" complexity="1" crap="1" count="7"/>
        <line num="13" type="method" name="getProfile" visibility="public" complexity="1" crap="1" count="2"/>
        <line num="15" type="stmt" count="2"/>
        <line num="18" type="method" name="updateProfile" visibility="public" complexity="1" crap="1" count="2"/>
        <line num="20" type="stmt" count="2"/>
        <line num="21" type="stmt" count="2"/>
        <line num="23" type="stmt" count="2"/>
        <metrics loc="26" ncloc="26" classes="1" methods="3" coveredmethods="3" conditionals="0" coveredconditionals="0" statements="5" coveredstatements="5" elements="8" coveredelements="8"/>
      </file>
    </package>
    <package name="App\Services\User\UserSettings">
      <file name="/var/www/html/turkticaret-api/app/Services/User/UserSettings/UserSettingsService.php">
        <class name="App\Services\User\UserSettings\UserSettingsService" namespace="App\Services\User\UserSettings">
          <metrics complexity="9" methods="6" coveredmethods="3" conditionals="0" coveredconditionals="0" statements="19" coveredstatements="9" elements="25" coveredelements="12"/>
        </class>
        <line num="15" type="method" name="__construct" visibility="public" complexity="1" crap="1" count="15"/>
        <line num="17" type="method" name="getUserSettings" visibility="public" complexity="1" crap="1" count="1"/>
        <line num="19" type="stmt" count="1"/>
        <line num="22" type="method" name="createDefaultSettings" visibility="public" complexity="2" crap="2.50" count="1"/>
        <line num="24" type="stmt" count="1"/>
        <line num="25" type="stmt" count="1"/>
        <line num="26" type="stmt" count="1"/>
        <line num="29" type="stmt" count="0"/>
        <line num="30" type="stmt" count="0"/>
        <line num="31" type="stmt" count="0"/>
        <line num="34" type="method" name="updateNotificationPreferences" visibility="public" complexity="2" crap="6" count="0"/>
        <line num="36" type="stmt" count="0"/>
        <line num="38" type="stmt" count="0"/>
        <line num="39" type="stmt" count="0"/>
        <line num="42" type="stmt" count="0"/>
        <line num="43" type="stmt" count="0"/>
        <line num="46" type="method" name="updateUserPreferences" visibility="public" complexity="1" crap="2" count="0"/>
        <line num="48" type="stmt" count="0"/>
        <line num="49" type="stmt" count="0"/>
        <line num="52" type="method" name="changePassword" visibility="public" complexity="2" crap="2" count="2"/>
        <line num="54" type="stmt" count="2"/>
        <line num="55" type="stmt" count="1"/>
        <line num="58" type="stmt" count="1"/>
        <line num="59" type="stmt" count="1"/>
        <metrics loc="62" ncloc="62" classes="1" methods="6" coveredmethods="3" conditionals="0" coveredconditionals="0" statements="19" coveredstatements="9" elements="25" coveredelements="12"/>
      </file>
    </package>
    <package name="App\Traits">
      <file name="/var/www/html/turkticaret-api/app/Traits/ActivityLoggable.php">
        <class name="App\Traits\ActivityLoggable" namespace="App\Traits">
          <metrics complexity="13" methods="3" coveredmethods="1" conditionals="0" coveredconditionals="0" statements="39" coveredstatements="32" elements="42" coveredelements="33"/>
        </class>
        <line num="10" type="method" name="logActivity" visibility="protected" complexity="5" crap="5.68" count="215"/>
        <line num="13" type="stmt" count="215"/>
        <line num="14" type="stmt" count="215"/>
        <line num="15" type="stmt" count="215"/>
        <line num="17" type="stmt" count="215"/>
        <line num="18" type="stmt" count="23"/>
        <line num="21" type="stmt" count="215"/>
        <line num="22" type="stmt" count="215"/>
        <line num="23" type="stmt" count="13"/>
        <line num="26" type="stmt" count="215"/>
        <line num="27" type="stmt" count="215"/>
        <line num="29" type="stmt" count="215"/>
        <line num="30" type="stmt" count="215"/>
        <line num="33" type="stmt" count="215"/>
        <line num="35" type="stmt" count="215"/>
        <line num="36" type="stmt" count="0"/>
        <line num="37" type="stmt" count="0"/>
        <line num="38" type="stmt" count="0"/>
        <line num="39" type="stmt" count="0"/>
        <line num="40" type="stmt" count="0"/>
        <line num="41" type="stmt" count="0"/>
        <line num="45" type="method" name="getUserInfo" visibility="protected" complexity="2" crap="2" count="215"/>
        <line num="47" type="stmt" count="215"/>
        <line num="48" type="stmt" count="215"/>
        <line num="51" type="stmt" count="23"/>
        <line num="53" type="stmt" count="23"/>
        <line num="54" type="stmt" count="23"/>
        <line num="55" type="stmt" count="23"/>
        <line num="56" type="stmt" count="23"/>
        <line num="57" type="stmt" count="23"/>
        <line num="58" type="stmt" count="23"/>
        <line num="59" type="stmt" count="23"/>
        <line num="62" type="method" name="getLogDescription" visibility="protected" complexity="6" crap="6.05" count="215"/>
        <line num="64" type="stmt" count="215"/>
        <line num="65" type="stmt" count="215"/>
        <line num="67" type="stmt" count="215"/>
        <line num="68" type="stmt" count="215"/>
        <line num="69" type="stmt" count="13"/>
        <line num="70" type="stmt" count="2"/>
        <line num="71" type="stmt" count="0"/>
        <line num="72" type="stmt" count="215"/>
        <line num="73" type="stmt" count="215"/>
        <metrics loc="76" ncloc="76" classes="1" methods="3" coveredmethods="1" conditionals="0" coveredconditionals="0" statements="39" coveredstatements="32" elements="42" coveredelements="33"/>
      </file>
      <file name="/var/www/html/turkticaret-api/app/Traits/ApiResponse.php">
        <class name="App\Traits\ApiResponse" namespace="App\Traits">
          <metrics complexity="8" methods="7" coveredmethods="4" conditionals="0" coveredconditionals="0" statements="21" coveredstatements="10" elements="28" coveredelements="14"/>
        </class>
        <line num="10" type="method" name="ok" visibility="public" complexity="2" crap="2" count="60"/>
        <line num="12" type="stmt" count="60"/>
        <line num="14" type="stmt" count="60"/>
        <line num="15" type="stmt" count="22"/>
        <line num="18" type="stmt" count="39"/>
        <line num="21" type="method" name="error" visibility="public" complexity="1" crap="1" count="5"/>
        <line num="23" type="stmt" count="5"/>
        <line num="25" type="stmt" count="5"/>
        <line num="28" type="method" name="created" visibility="public" complexity="1" crap="1" count="9"/>
        <line num="30" type="stmt" count="9"/>
        <line num="32" type="stmt" count="9"/>
        <line num="35" type="method" name="noContent" visibility="public" complexity="1" crap="1" count="1"/>
        <line num="37" type="stmt" count="1"/>
        <line num="39" type="stmt" count="1"/>
        <line num="42" type="method" name="validationWarning" visibility="public" complexity="1" crap="2" count="0"/>
        <line num="44" type="stmt" count="0"/>
        <line num="45" type="stmt" count="0"/>
        <line num="46" type="stmt" count="0"/>
        <line num="47" type="stmt" count="0"/>
        <line num="48" type="stmt" count="0"/>
        <line num="51" type="method" name="notFound" visibility="public" complexity="1" crap="2" count="0"/>
        <line num="53" type="stmt" count="0"/>
        <line num="56" type="method" name="unauthorized" visibility="public" complexity="1" crap="2" count="0"/>
        <line num="58" type="stmt" count="0"/>
        <line num="59" type="stmt" count="0"/>
        <line num="60" type="stmt" count="0"/>
        <line num="61" type="stmt" count="0"/>
        <line num="62" type="stmt" count="0"/>
        <metrics loc="64" ncloc="64" classes="1" methods="7" coveredmethods="4" conditionals="0" coveredconditionals="0" statements="21" coveredstatements="10" elements="28" coveredelements="14"/>
      </file>
      <file name="/var/www/html/turkticaret-api/app/Traits/Filterable.php">
        <class name="App\Traits\Filterable" namespace="App\Traits">
          <metrics complexity="4" methods="2" coveredmethods="0" conditionals="0" coveredconditionals="0" statements="11" coveredstatements="0" elements="13" coveredelements="0"/>
        </class>
        <line num="11" type="method" name="scopeFilter" visibility="public" complexity="1" crap="2" count="0"/>
        <line num="13" type="stmt" count="0"/>
        <line num="16" type="method" name="getFilteredPaginatedList" visibility="public" complexity="3" crap="12" count="0"/>
        <line num="18" type="stmt" count="0"/>
        <line num="20" type="stmt" count="0"/>
        <line num="21" type="stmt" count="0"/>
        <line num="24" type="stmt" count="0"/>
        <line num="26" type="stmt" count="0"/>
        <line num="27" type="stmt" count="0"/>
        <line num="28" type="stmt" count="0"/>
        <line num="29" type="stmt" count="0"/>
        <line num="30" type="stmt" count="0"/>
        <line num="33" type="stmt" count="0"/>
        <metrics loc="35" ncloc="35" classes="1" methods="2" coveredmethods="0" conditionals="0" coveredconditionals="0" statements="11" coveredstatements="0" elements="13" coveredelements="0"/>
      </file>
      <file name="/var/www/html/turkticaret-api/app/Traits/HasMoneyAttributes.php">
        <class name="App\Traits\HasMoneyAttributes" namespace="App\Traits">
          <metrics complexity="17" methods="7" coveredmethods="0" conditionals="0" coveredconditionals="0" statements="29" coveredstatements="11" elements="36" coveredelements="11"/>
        </class>
        <line num="13" type="method" name="__get" visibility="public" complexity="4" crap="4.37" count="20"/>
        <line num="15" type="stmt" count="20"/>
        <line num="16" type="stmt" count="7"/>
        <line num="19" type="stmt" count="20"/>
        <line num="20" type="stmt" count="0"/>
        <line num="23" type="stmt" count="20"/>
        <line num="24" type="stmt" count="0"/>
        <line num="27" type="stmt" count="20"/>
        <line num="30" type="method" name="isMoneyFormattedAttribute" visibility="private" complexity="2" crap="2.26" count="20"/>
        <line num="32" type="stmt" count="20"/>
        <line num="33" type="stmt" count="20"/>
        <line num="34" type="stmt" count="20"/>
        <line num="37" type="stmt" count="0"/>
        <line num="38" type="stmt" count="0"/>
        <line num="41" type="method" name="isMoneyInfoAttribute" visibility="private" complexity="2" crap="2.26" count="20"/>
        <line num="43" type="stmt" count="20"/>
        <line num="44" type="stmt" count="20"/>
        <line num="45" type="stmt" count="20"/>
        <line num="48" type="stmt" count="0"/>
        <line num="49" type="stmt" count="0"/>
        <line num="52" type="method" name="getFormattedMoneyAttribute" visibility="private" complexity="1" crap="2" count="0"/>
        <line num="54" type="stmt" count="0"/>
        <line num="55" type="stmt" count="0"/>
        <line num="57" type="stmt" count="0"/>
        <line num="60" type="method" name="getMoneyInfoAttribute" visibility="private" complexity="1" crap="2" count="0"/>
        <line num="62" type="stmt" count="0"/>
        <line num="63" type="stmt" count="0"/>
        <line num="65" type="stmt" count="0"/>
        <line num="68" type="method" name="formatMoneyValue" visibility="private" complexity="1" crap="2" count="0"/>
        <line num="70" type="stmt" count="0"/>
        <line num="73" type="method" name="getCurrencySymbol" visibility="private" complexity="6" crap="42" count="0"/>
        <line num="75" type="stmt" count="0"/>
        <line num="76" type="stmt" count="0"/>
        <line num="79" type="stmt" count="0"/>
        <line num="80" type="stmt" count="0"/>
        <line num="83" type="stmt" count="0"/>
        <metrics loc="85" ncloc="85" classes="1" methods="7" coveredmethods="0" conditionals="0" coveredconditionals="0" statements="29" coveredstatements="11" elements="36" coveredelements="11"/>
      </file>
      <file name="/var/www/html/turkticaret-api/app/Traits/HasSlug.php">
        <class name="App\Traits\HasSlug" namespace="App\Traits">
          <metrics complexity="4" methods="1" coveredmethods="0" conditionals="0" coveredconditionals="0" statements="13" coveredstatements="7" elements="14" coveredelements="7"/>
        </class>
        <line num="9" type="method" name="generateUniqueSlug" visibility="public" complexity="4" crap="5.57" count="58"/>
        <line num="11" type="stmt" count="58"/>
        <line num="12" type="stmt" count="58"/>
        <line num="13" type="stmt" count="58"/>
        <line num="15" type="stmt" count="58"/>
        <line num="17" type="stmt" count="58"/>
        <line num="18" type="stmt" count="0"/>
        <line num="21" type="stmt" count="58"/>
        <line num="22" type="stmt" count="0"/>
        <line num="23" type="stmt" count="0"/>
        <line num="25" type="stmt" count="0"/>
        <line num="26" type="stmt" count="0"/>
        <line num="27" type="stmt" count="0"/>
        <line num="31" type="stmt" count="58"/>
        <metrics loc="33" ncloc="33" classes="1" methods="1" coveredmethods="0" conditionals="0" coveredconditionals="0" statements="13" coveredstatements="7" elements="14" coveredelements="7"/>
      </file>
      <file name="/var/www/html/turkticaret-api/app/Traits/SecureInputTrait.php">
        <class name="App\Traits\SecureInputTrait" namespace="App\Traits">
          <metrics complexity="11" methods="6" coveredmethods="2" conditionals="0" coveredconditionals="0" statements="16" coveredstatements="2" elements="22" coveredelements="4"/>
        </class>
        <line num="10" type="method" name="sanitizeString" visibility="protected" complexity="1" crap="1" count="1"/>
        <line num="13" type="stmt" count="1"/>
        <line num="19" type="method" name="escapeLikeWildcards" visibility="protected" complexity="1" crap="1" count="1"/>
        <line num="21" type="stmt" count="1"/>
        <line num="27" type="method" name="sanitizeEmail" visibility="protected" complexity="1" crap="2" count="0"/>
        <line num="29" type="stmt" count="0"/>
        <line num="35" type="method" name="sanitizeNumeric" visibility="protected" complexity="3" crap="12" count="0"/>
        <line num="37" type="stmt" count="0"/>
        <line num="38" type="stmt" count="0"/>
        <line num="41" type="stmt" count="0"/>
        <line num="47" type="method" name="sanitizeBoolean" visibility="protected" complexity="1" crap="2" count="0"/>
        <line num="49" type="stmt" count="0"/>
        <line num="55" type="method" name="sanitizeArray" visibility="protected" complexity="4" crap="20" count="0"/>
        <line num="57" type="stmt" count="0"/>
        <line num="59" type="stmt" count="0"/>
        <line num="60" type="stmt" count="0"/>
        <line num="62" type="stmt" count="0"/>
        <line num="63" type="stmt" count="0"/>
        <line num="64" type="stmt" count="0"/>
        <line num="65" type="stmt" count="0"/>
        <line num="67" type="stmt" count="0"/>
        <line num="71" type="stmt" count="0"/>
        <metrics loc="73" ncloc="54" classes="1" methods="6" coveredmethods="2" conditionals="0" coveredconditionals="0" statements="16" coveredstatements="2" elements="22" coveredelements="4"/>
      </file>
    </package>
    <metrics files="192" loc="7263" ncloc="6992" classes="159" methods="516" coveredmethods="264" conditionals="0" coveredconditionals="0" statements="2158" coveredstatements="1216" elements="2674" coveredelements="1480"/>
  </project>
</coverage>
